


ARM Macro Assembler    Page 1 


    1 00000000                 AREA             RESET, DATA, READONLY
    2 00000000                 EXPORT           __Vectors
    3 00000000                 EXPORT           Reset_Handler
    4 00000000         
    5 00000000 00000000 
                       __Vectors
                               DCD              __initial_sp ; Initial Stack Po
                                                            inter
    6 00000004 00000000        DCD              Reset_Handler ; Reset Handler
    7 00000008 00000000        DCD              NmiISR      ; NMI Handler
    8 0000000C 00000000        DCD              FaultISR    ; Hard Fault Handle
                                                            r
    9 00000010 00000000        DCD              IntDefaultHandler ; Default Int
                                                            errupt Handler
   10 00000014         
   11 00000014                 AREA             test2, CODE, READONLY
   12 00000000                 THUMB
   13 00000000         
   14 00000000         Reset_Handler
   15 00000000 4829            LDR              r0, =__initial_sp
   16 00000002 4685            MOV              sp, r0
   17 00000004 F000 F801       BL               main
   18 00000008 E7FE            B                .
   19 0000000A         
   20 0000000A         main
   21 0000000A         ; ?? TIMER0
   22 0000000A 4828            ldr              r0, =0x400FE000
   23 0000000C F04F 0260       MOV              r2, #0x60
   24 00000010 4927            ldr              r1, =0x54001C0
   25 00000012 5081            STR              r1, [r0, r2]
   26 00000014         
   27 00000014         ; ?? TIMER0 ???
   28 00000014 F240 6704       MOVW             r7, #0x604
   29 00000018 59C1            LDR              r1, [r0, r7]
   30 0000001A F041 0101       ORR              r1, #0x1
   31 0000001E 51C1            STR              r1, [r0, r7]
   32 00000020         
   33 00000020 BF00            NOP
   34 00000022 BF00            NOP
   35 00000024 BF00            NOP
   36 00000026 BF00            NOP
   37 00000028 BF00            NOP
   38 0000002A         
   39 0000002A         ; ?? TIMER0 ? one-shot ??
   40 0000002A F240 0800       MOVW             r8, #0x0000
   41 0000002E F2C4 0803       MOVT             r8, #0x4003
   42 00000032 F240 0704       MOVW             r7, #0x4
   43 00000036 F858 1007       LDR              r1, [r8, r7]
   44 0000003A F041 0121       ORR              r1, #0x21
   45 0000003E F848 1007       STR              r1, [r8, r7]
   46 00000042         
   47 00000042 F8D8 1000       LDR              r1, [r8]
   48 00000046 F041 0104       ORR              r1, #0x4
   49 0000004A F8C8 1000       STR              r1, [r8]
   50 0000004E         
   51 0000004E         ; ?????
   52 0000004E F240 0730       MOVW             r7, #0x30
   53 00000052 F04F 0730       MOV              r7, #0x30
   54 00000056 4917            ldr              r1, =0xFB87973F



ARM Macro Assembler    Page 2 


   55 00000058 F848 1007       STR              r1, [r8, r7]
   56 0000005C         
   57 0000005C         ; ?? GPTM ????????
   58 0000005C F240 0718       MOVW             r7, #0x18
   59 00000060 F858 1007       LDR              r1, [r8, r7]
   60 00000064 F041 0110       ORR              r1, #0x10
   61 00000068 F848 1007       STR              r1, [r8, r7]
   62 0000006C         
   63 0000006C         ; ?? TIMER0 ??
   64 0000006C F24E 0600       MOVW             r6, #0xE000
   65 00000070 F2CE 0600       MOVT             r6, #0xE000
   66 00000074 F240 1700       MOVW             r7, #0x100
   67 00000078 F44F 2100       MOV              r1, #(1<<19)
   68 0000007C 51F1            STR              r1, [r6, r7]
   69 0000007E         
   70 0000007E         ; ?? TIMER
   71 0000007E F240 0600       MOVW             r6, #0x0000
   72 00000082 F2C4 0603       MOVT             r6, #0x4003
   73 00000086 F240 070C       MOVW             r7, #0xC
   74 0000008A 59F1            LDR              r1, [r6, r7]
   75 0000008C F041 0101       ORR              r1, #0x1
   76 00000090 51F1            STR              r1, [r6, r7]
   77 00000092         
   78 00000092 E007            B                done
   79 00000094         
   80 00000094         NmiISR
   81 00000094 E7FE            B                NmiISR
   82 00000096         
   83 00000096         FaultISR
   84 00000096 E7FE            B                FaultISR
   85 00000098         
   86 00000098         IntDefaultHandler
   87 00000098 F64B 6AFF       MOVW             r10, #0xBEFF
   88 0000009C F6CD 6AAD       MOVT             r10, #0xDEAD
   89 000000A0 E7FF            B                Spot
   90 000000A2         
   91 000000A2         Spot
   92 000000A2 E7FE            B                Spot
   93 000000A4         
   94 000000A4         done
   95 000000A4 E7FE            B                done
   96 000000A6         
   97 000000A6 00 00 00000000 
              400FE000 
              054001C0 
              FB87973F         AREA             STACK, NOINIT, READWRITE
   98 00000000                 EXPORT           __initial_sp
   99 00000000         __initial_sp
                               SPACE            0x400
  100 00000400         
  101 00000400                 END
Command Line: --debug --xref --diag_suppress=9931 --cpu=Cortex-M4.fp --apcs=int
erwork --depend=.\objects\­ìex15.4.d -o.\objects\­ìex15.4.o -IC:\Keil_v5\ARM\RV
31\INC -IC:\Keil_v5\ARM\CMSIS\Include -IC:\Keil_v5\ARM\INC\TI\TM4C123 --predefi
ne="__EVAL SETA 1" --predefine="__UVISION_VERSION SETA 528" --list=.\listings\­
ìex15.4.lst ­ìEX15.4.s



ARM Macro Assembler    Page 1 Alphabetic symbol ordering
Relocatable symbols

RESET 00000000

Symbol: RESET
   Definitions
      At line 1 in file 
   Uses
      None
Comment: RESET unused
__Vectors 00000000

Symbol: __Vectors
   Definitions
      At line 5 in file 
   Uses
      At line 2 in file 
Comment: __Vectors used once
2 symbols



ARM Macro Assembler    Page 1 Alphabetic symbol ordering
Relocatable symbols

FaultISR 00000096

Symbol: FaultISR
   Definitions
      At line 83 in file 
   Uses
      At line 8 in file 
      At line 84 in file 

IntDefaultHandler 00000098

Symbol: IntDefaultHandler
   Definitions
      At line 86 in file 
   Uses
      At line 9 in file 
Comment: IntDefaultHandler used once
NmiISR 00000094

Symbol: NmiISR
   Definitions
      At line 80 in file 
   Uses
      At line 7 in file 
      At line 81 in file 

Reset_Handler 00000000

Symbol: Reset_Handler
   Definitions
      At line 14 in file 
   Uses
      At line 3 in file 
      At line 6 in file 

Spot 000000A2

Symbol: Spot
   Definitions
      At line 91 in file 
   Uses
      At line 89 in file 
      At line 92 in file 

done 000000A4

Symbol: done
   Definitions
      At line 94 in file 
   Uses
      At line 78 in file 
      At line 95 in file 

main 0000000A

Symbol: main
   Definitions
      At line 20 in file 
   Uses



ARM Macro Assembler    Page 2 Alphabetic symbol ordering
Relocatable symbols

      At line 17 in file 
Comment: main used once
test2 00000000

Symbol: test2
   Definitions
      At line 11 in file 
   Uses
      None
Comment: test2 unused
8 symbols



ARM Macro Assembler    Page 1 Alphabetic symbol ordering
Relocatable symbols

STACK 00000000

Symbol: STACK
   Definitions
      At line 97 in file 
   Uses
      None
Comment: STACK unused
__initial_sp 00000000

Symbol: __initial_sp
   Definitions
      At line 99 in file 
   Uses
      At line 5 in file 
      At line 15 in file 
      At line 98 in file 

2 symbols
347 symbols in table
