


ARM Macro Assembler    Page 1 


    1 00000000                 AREA             RESET, DATA, READONLY
    2 00000000                 EXPORT           __Vectors
    3 00000000                 EXPORT           Reset_Handler
    4 00000000         
    5 00000000 00000000 
                       __Vectors
                               DCD              __initial_sp ; Initial Stack Po
                                                            inter
    6 00000004 00000000        DCD              Reset_Handler ; Reset Handler
    7 00000008 00000000        DCD              NmiISR      ; NMI Handler
    8 0000000C 00000000        DCD              FaultISR    ; Hard Fault Handle
                                                            r
    9 00000010 00000000        DCD              IntDefaultHandler ; Default Int
                                                            errupt Handler
   10 00000014         
   11 00000014                 AREA             test2, CODE, READONLY
   12 00000000                 THUMB
   13 00000000         
   14 00000000         Reset_Handler
   15 00000000 482A            LDR              r0, =__initial_sp
   16 00000002 4685            MOV              sp, r0
   17 00000004 F000 F801       BL               main
   18 00000008 E7FE            B                .
   19 0000000A         
   20 0000000A         main
   21 0000000A         ; ?? TIMER0
   22 0000000A 4829            ldr              r0, =0x400FE000
   23 0000000C F04F 0260       MOV              r2, #0x60
   24 00000010 4928            ldr              r1, =0x54001C0
   25 00000012 5081            STR              r1, [r0, r2]
   26 00000014         
   27 00000014         ; ?? TIMER0 ???
   28 00000014 F240 6704       MOVW             r7, #0x604
   29 00000018 59C1            LDR              r1, [r0, r7]
   30 0000001A F041 0101       ORR              r1, #0x1
   31 0000001E 51C1            STR              r1, [r0, r7]
   32 00000020         
   33 00000020 BF00            NOP
   34 00000022 BF00            NOP
   35 00000024 BF00            NOP
   36 00000026 BF00            NOP
   37 00000028 BF00            NOP
   38 0000002A         
   39 0000002A         ; ?? TIMER0 ? one-shot ??
   40 0000002A F240 0800       MOVW             r8, #0x0000
   41 0000002E F2C4 0803       MOVT             r8, #0x4003
   42 00000032 F240 0704       MOVW             r7, #0x4
   43 00000036 F858 1007       LDR              r1, [r8, r7]
   44 0000003A F041 0121       ORR              r1, #0x21
   45 0000003E F848 1007       STR              r1, [r8, r7]
   46 00000042         
   47 00000042 F8D8 1000       LDR              r1, [r8]
   48 00000046 F041 0104       ORR              r1, #0x4
   49 0000004A F8C8 1000       STR              r1, [r8]
   50 0000004E         
   51 0000004E         ; ?????
   52 0000004E F04F 4080       ldr              r0, =0x40000000 ; ???
   53 00000052 F249 713F       movw             r1, #0x973F ; ????16?
   54 00000056 F6CF 3187       movt             r1, #0xFB87 ; ????16?



ARM Macro Assembler    Page 2 


   55 0000005A F240 0230       movw             r2, #0x30   ; ???
   56 0000005E 5081            str              r1, [r0, r2] ; ??????????
   57 00000060         
   58 00000060         ; ?? GPTM ????????
   59 00000060 F240 0718       MOVW             r7, #0x18
   60 00000064 F858 1007       LDR              r1, [r8, r7]
   61 00000068 F041 0110       ORR              r1, #0x10
   62 0000006C F848 1007       STR              r1, [r8, r7]
   63 00000070         
   64 00000070         ; ?? TIMER0 ??
   65 00000070 F24E 0600       MOVW             r6, #0xE000
   66 00000074 F2CE 0600       MOVT             r6, #0xE000
   67 00000078 F240 1700       MOVW             r7, #0x100
   68 0000007C F44F 2100       MOV              r1, #(1<<19)
   69 00000080 51F1            STR              r1, [r6, r7]
   70 00000082         
   71 00000082         ; ?? TIMER
   72 00000082 F240 0600       MOVW             r6, #0x0000
   73 00000086 F2C4 0603       MOVT             r6, #0x4003
   74 0000008A F240 070C       MOVW             r7, #0xC
   75 0000008E 59F1            LDR              r1, [r6, r7]
   76 00000090 F041 0101       ORR              r1, #0x1
   77 00000094 51F1            STR              r1, [r6, r7]
   78 00000096         
   79 00000096 E007            B                done
   80 00000098         
   81 00000098         NmiISR
   82 00000098 E7FE            B                NmiISR
   83 0000009A         
   84 0000009A         FaultISR
   85 0000009A E7FE            B                FaultISR
   86 0000009C         
   87 0000009C         IntDefaultHandler
   88 0000009C F64B 6AFF       MOVW             r10, #0xBEFF
   89 000000A0 F6CD 6AAD       MOVT             r10, #0xDEAD
   90 000000A4 E7FF            B                Spot
   91 000000A6         
   92 000000A6         Spot
   93 000000A6 E7FE            B                Spot
   94 000000A8         
   95 000000A8         done
   96 000000A8 E7FE            B                done
   97 000000AA         
   98 000000AA 00 00 00000000 
              400FE000 
              054001C0         AREA             STACK, NOINIT, READWRITE
   99 00000000                 EXPORT           __initial_sp
  100 00000000         __initial_sp
                               SPACE            0x400
  101 00000400         
  102 00000400                 END
Command Line: --debug --xref --diag_suppress=9931 --cpu=Cortex-M4.fp --apcs=int
erwork --depend=.\objects\a_ex15.4.d -o.\objects\a_ex15.4.o -IC:\Keil_v5\ARM\RV
31\INC -IC:\Keil_v5\ARM\CMSIS\Include -IC:\Keil_v5\ARM\INC\TI\TM4C123 --predefi
ne="__EVAL SETA 1" --predefine="__UVISION_VERSION SETA 528" --list=.\listings\a
_ex15.4.lst A_EX15.4.s



ARM Macro Assembler    Page 1 Alphabetic symbol ordering
Relocatable symbols

RESET 00000000

Symbol: RESET
   Definitions
      At line 1 in file A_EX15.4.s
   Uses
      None
Comment: RESET unused
__Vectors 00000000

Symbol: __Vectors
   Definitions
      At line 5 in file A_EX15.4.s
   Uses
      At line 2 in file A_EX15.4.s
Comment: __Vectors used once
2 symbols



ARM Macro Assembler    Page 1 Alphabetic symbol ordering
Relocatable symbols

FaultISR 0000009A

Symbol: FaultISR
   Definitions
      At line 84 in file A_EX15.4.s
   Uses
      At line 8 in file A_EX15.4.s
      At line 85 in file A_EX15.4.s

IntDefaultHandler 0000009C

Symbol: IntDefaultHandler
   Definitions
      At line 87 in file A_EX15.4.s
   Uses
      At line 9 in file A_EX15.4.s
Comment: IntDefaultHandler used once
NmiISR 00000098

Symbol: NmiISR
   Definitions
      At line 81 in file A_EX15.4.s
   Uses
      At line 7 in file A_EX15.4.s
      At line 82 in file A_EX15.4.s

Reset_Handler 00000000

Symbol: Reset_Handler
   Definitions
      At line 14 in file A_EX15.4.s
   Uses
      At line 3 in file A_EX15.4.s
      At line 6 in file A_EX15.4.s

Spot 000000A6

Symbol: Spot
   Definitions
      At line 92 in file A_EX15.4.s
   Uses
      At line 90 in file A_EX15.4.s
      At line 93 in file A_EX15.4.s

done 000000A8

Symbol: done
   Definitions
      At line 95 in file A_EX15.4.s
   Uses
      At line 79 in file A_EX15.4.s
      At line 96 in file A_EX15.4.s

main 0000000A

Symbol: main
   Definitions
      At line 20 in file A_EX15.4.s
   Uses



ARM Macro Assembler    Page 2 Alphabetic symbol ordering
Relocatable symbols

      At line 17 in file A_EX15.4.s
Comment: main used once
test2 00000000

Symbol: test2
   Definitions
      At line 11 in file A_EX15.4.s
   Uses
      None
Comment: test2 unused
8 symbols



ARM Macro Assembler    Page 1 Alphabetic symbol ordering
Relocatable symbols

STACK 00000000

Symbol: STACK
   Definitions
      At line 98 in file A_EX15.4.s
   Uses
      None
Comment: STACK unused
__initial_sp 00000000

Symbol: __initial_sp
   Definitions
      At line 100 in file A_EX15.4.s
   Uses
      At line 5 in file A_EX15.4.s
      At line 15 in file A_EX15.4.s
      At line 99 in file A_EX15.4.s

2 symbols
347 symbols in table
